2023-10-03 20:53:09,901 - DEBUG: [0, 0, 0, 1, 1, 2, 2, 2, 1, 1, 1, 2, 1, 1, 1, 1, 1, 1, 1, 2, 1, 1, 2, 2, 2, 1, 2, 2, 2, 2, 1, 1, 2, 1, 2, 2, 1, 2, 2, 2, 1, 2, 2, 2, 0, 2, 1, 2, 2, 2, 2, 2, 2, 2, 2, 2, 2, 2, 2, 2]
2023-10-03 21:13:12,393 - DEBUG: [0, 0, 1, 1, 1, 1, 2, 1, 1, 1, 1, 1, 1, 1, 2, 1, 1, 2, 2, 1, 2, 1, 2, 2, 2, 1, 2, 1, 2, 2, 1, 2, 2, 1, 1, 2, 2, 2, 2, 1, 1, 1, 1, 2, 2, 2, 2, 2, 1, 1, 1, 2, 2, 0, 0, 2, 2, 2, 1, 2]
2023-10-03 21:17:14,404 - DEBUG: [0, 2, 0, 1, 2, 2, 1, 1, 1, 1, 1, 1, 1, 2, 1, 1, 1, 1, 1, 2, 1, 1, 1, 1, 0, 1, 2, 2, 2, 1, 0, 0, 2, 1, 0, 1, 0, 1, 1, 0, 2, 1, 2, 2, 0, 0, 2, 2, 1, 2, 0, 2, 2, 2, 2, 2, 2, 0, 2, 0]
2023-10-03 21:17:20,953 - DEBUG: [0, 2, 2, 1, 1, 2, 2, 2, 2, 1, 2, 1, 2, 2, 2, 1, 1, 2, 2, 1, 2, 2, 2, 2, 2, 2, 1, 1, 1, 2, 2, 2, 2, 2, 2, 2, 2, 2, 2, 2, 2, 2, 2, 2, 2, 2, 2, 2, 2, 2, 2, 2, 2, 2, 2, 2, 2, 2, 2, 2]
2023-10-03 21:17:24,941 - DEBUG: [0, 1, 2, 1, 1, 1, 1, 1, 1, 1, 1, 1, 1, 1, 1, 1, 1, 1, 1, 1, 1, 0, 1, 0, 1, 1, 1, 1, 1, 0, 0, 1, 1, 1, 2, 1, 2, 0, 2, 0, 1, 1, 2, 1, 2, 0, 2, 0, 2, 0, 0, 2, 0, 0, 0, 0, 0, 0, 2, 1]
2023-10-03 21:18:03,436 - DEBUG: [0, 1, 1, 1, 1, 2, 1, 1, 1, 1, 1, 1, 1, 1, 1, 1, 1, 1, 2, 1, 1, 1, 1, 1, 1, 0, 1, 2, 1, 2, 2, 1, 1, 0, 2, 1, 1, 0, 0, 1, 1, 2, 2, 2, 0, 0, 1, 1, 1, 0, 0, 0, 0, 0, 1, 0, 2, 0, 2, 0]
2023-10-03 21:18:05,480 - DEBUG: [0, 0, 2, 2, 0, 0, 2, 1, 2, 2, 2, 1, 1, 1, 1, 1, 1, 2, 1, 2, 2, 1, 2, 2, 2, 2, 2, 2, 2, 2, 2, 2, 2, 2, 2, 2, 2, 2, 2, 2, 2, 2, 2, 2, 2, 2, 1, 2, 1, 2, 2, 2, 2, 2, 2, 2, 2, 2, 2, 2]
2023-10-03 21:18:07,296 - DEBUG: [0, 0, 2, 0, 2, 2, 2, 1, 1, 1, 2, 1, 1, 1, 1, 1, 1, 1, 2, 1, 1, 2, 2, 2, 1, 0, 1, 2, 2, 2, 2, 2, 2, 1, 1, 1, 2, 2, 2, 2, 2, 2, 2, 2, 2, 2, 2, 2, 2, 2, 2, 2, 2, 2, 2, 2, 2, 2, 2, 2]
2023-10-03 21:18:09,053 - DEBUG: [0, 2, 1, 2, 0, 1, 1, 1, 1, 1, 1, 1, 1, 1, 1, 1, 1, 1, 1, 1, 1, 0, 1, 1, 1, 1, 1, 0, 2, 1, 0, 0, 0, 1, 0, 1, 0, 0, 0, 1, 0, 0, 0, 1, 0, 0, 1, 0, 0, 1, 0, 0, 2, 0, 0, 0, 0, 0, 2, 2]
2023-10-03 21:18:11,091 - DEBUG: [0, 1, 2, 1, 1, 1, 1, 1, 2, 1, 1, 1, 1, 1, 1, 1, 1, 1, 1, 1, 1, 1, 1, 2, 1, 1, 1, 0, 0, 1, 2, 1, 1, 1, 2, 0, 2, 0, 0, 0, 1, 2, 2, 2, 0, 2, 0, 0, 1, 0, 2, 1, 0, 0, 0, 0, 2, 1, 0, 2]
2023-10-03 21:18:21,160 - DEBUG: [0, 1, 1, 1, 1, 1, 1, 2, 1, 1, 1, 1, 1, 1, 1, 1, 1, 1, 1, 2, 1, 1, 1, 1, 1, 1, 1, 0, 1, 0, 1, 1, 1, 0, 0, 0, 1, 0, 0, 0, 2, 1, 2, 2, 2, 2, 2, 2, 2, 2, 1, 0, 2, 0, 2, 0, 2, 2, 1, 2]
2023-10-03 21:18:22,944 - DEBUG: [0, 0, 0, 2, 1, 1, 1, 1, 1, 1, 1, 1, 1, 1, 1, 1, 2, 2, 1, 2, 2, 1, 2, 2, 2, 2, 1, 2, 2, 2, 2, 1, 2, 1, 2, 2, 2, 2, 2, 2, 2, 2, 2, 2, 2, 2, 2, 2, 2, 2, 2, 1, 2, 2, 2, 2, 2, 1, 2, 2]
2023-10-03 21:18:24,773 - DEBUG: [0, 1, 1, 1, 1, 1, 1, 1, 1, 1, 1, 1, 1, 1, 1, 1, 1, 1, 1, 1, 2, 1, 2, 1, 2, 1, 2, 2, 2, 1, 2, 2, 2, 0, 2, 2, 0, 2, 1, 1, 0, 2, 2, 2, 2, 1, 2, 1, 2, 2, 1, 2, 2, 2, 2, 2, 2, 2, 2, 2]
2023-10-03 21:18:26,558 - DEBUG: [0, 2, 1, 1, 2, 1, 1, 1, 2, 2, 1, 1, 1, 1, 1, 1, 1, 2, 1, 2, 1, 1, 2, 2, 1, 1, 2, 2, 1, 2, 2, 2, 2, 2, 2, 2, 2, 2, 2, 2, 2, 2, 2, 2, 2, 1, 2, 2, 2, 1, 2, 2, 2, 2, 2, 2, 2, 2, 2, 2]
2023-10-03 21:18:28,409 - DEBUG: [0, 1, 1, 1, 2, 1, 1, 1, 1, 1, 1, 1, 1, 1, 1, 1, 1, 2, 1, 1, 1, 1, 1, 1, 1, 2, 1, 1, 1, 2, 2, 2, 2, 2, 0, 1, 1, 0, 0, 0, 2, 1, 0, 2, 2, 2, 2, 2, 2, 2, 1, 2, 2, 2, 0, 2, 2, 2, 2, 2]
2023-10-03 21:45:32,068 - DEBUG: [0, 0, 2, 1, 2, 1, 2, 1, 1, 1, 1, 1, 1, 1, 1, 1, 2, 1, 2, 1, 2, 2, 1, 2, 0, 1, 1, 2, 2, 1, 2, 0, 2, 1, 1, 1, 2, 2, 2, 2, 2, 2, 0, 2, 2, 2, 2, 2, 2, 2, 2, 2, 2, 2, 2, 2, 2, 2, 2, 2]
2023-10-03 21:46:44,609 - DEBUG: [0, 1, 2, 1, 1, 1, 1, 2, 1, 2, 1, 1, 2, 1, 1, 1, 1, 2, 1, 2, 1, 1, 1, 2, 2, 2, 2, 2, 2, 2, 1, 2, 1, 2, 2, 2, 2, 2, 1, 2, 1, 1, 1, 0, 2, 0, 2, 1, 2, 2, 2, 2, 2, 2, 2, 2, 2, 2, 2, 2]
2023-10-03 21:46:59,211 - DEBUG: [0, 0, 1, 1, 2, 1, 1, 1, 2, 1, 2, 1, 1, 1, 1, 1, 1, 2, 1, 1, 2, 2, 2, 2, 1, 1, 2, 2, 1, 2, 2, 2, 1, 2, 1, 2, 2, 2, 2, 2, 2, 2, 2, 1, 2, 2, 2, 2, 2, 2, 2, 2, 2, 2, 2, 2, 2, 2, 2, 2]
2023-10-03 21:47:10,077 - DEBUG: [0, 2, 1, 1, 1, 1, 1, 1, 1, 1, 1, 1, 1, 1, 1, 1, 1, 1, 2, 2, 1, 1, 2, 1, 1, 2, 1, 2, 0, 2, 1, 2, 2, 1, 2, 2, 2, 2, 1, 2, 2, 2, 2, 2, 2, 2, 2, 2, 2, 1, 2, 2, 2, 2, 2, 2, 1, 2, 2, 2]
2023-10-03 21:47:12,545 - DEBUG: [0, 1, 2, 2, 2, 2, 2, 2, 1, 2, 2, 1, 2, 1, 1, 1, 2, 1, 2, 2, 1, 1, 1, 2, 2, 2, 1, 2, 2, 1, 2, 2, 0, 2, 1, 2, 2, 1, 0, 2, 0, 2, 1, 0, 2, 2, 2, 0, 1, 2, 2, 2, 2, 0, 1, 0, 0, 2, 2, 2]
2023-10-03 21:47:14,803 - DEBUG: [0, 1, 1, 1, 1, 1, 1, 2, 1, 1, 1, 1, 1, 1, 1, 1, 1, 1, 1, 1, 1, 1, 1, 1, 1, 1, 0, 2, 0, 2, 0, 2, 2, 2, 2, 2, 2, 1, 1, 1, 0, 0, 2, 0, 2, 0, 0, 1, 2, 2, 1, 0, 0, 2, 1, 2, 0, 0, 1, 0]
2023-10-03 21:47:16,404 - DEBUG: [0, 1, 1, 1, 1, 1, 1, 1, 1, 1, 2, 1, 1, 2, 1, 1, 1, 1, 2, 1, 2, 1, 1, 2, 1, 2, 1, 1, 2, 1, 1, 0, 2, 1, 0, 1, 1, 1, 2, 1, 2, 2, 0, 0, 0, 0, 0, 2, 0, 2, 0, 0, 2, 0, 2, 2, 2, 2, 2, 2]
2023-10-03 21:47:17,902 - DEBUG: [0, 1, 1, 2, 1, 2, 1, 1, 1, 1, 2, 1, 1, 1, 1, 1, 1, 1, 2, 1, 1, 1, 2, 1, 1, 2, 0, 1, 2, 2, 1, 2, 1, 2, 0, 1, 1, 0, 2, 2, 0, 2, 2, 2, 0, 2, 2, 1, 0, 2, 2, 2, 2, 2, 2, 2, 2, 2, 2, 0]
2023-10-03 21:47:19,340 - DEBUG: [0, 0, 1, 1, 1, 1, 1, 1, 1, 1, 1, 2, 1, 1, 1, 1, 1, 1, 1, 1, 1, 1, 1, 1, 1, 1, 0, 0, 0, 1, 0, 0, 0, 0, 1, 1, 0, 2, 2, 1, 0, 2, 1, 0, 0, 2, 1, 0, 1, 0, 0, 0, 0, 0, 0, 0, 2, 0, 0, 2]
2023-10-03 21:47:20,796 - DEBUG: [0, 0, 2, 1, 2, 2, 1, 1, 1, 1, 1, 1, 1, 1, 1, 1, 1, 1, 1, 1, 1, 1, 2, 1, 2, 1, 1, 1, 2, 1, 1, 0, 0, 0, 1, 2, 2, 0, 2, 0, 2, 1, 2, 1, 0, 2, 2, 1, 0, 2, 1, 0, 2, 2, 2, 0, 1, 2, 0, 2]
2023-10-03 21:47:22,222 - DEBUG: [0, 2, 2, 2, 1, 2, 1, 1, 1, 1, 2, 1, 1, 1, 1, 1, 1, 1, 1, 2, 1, 2, 1, 0, 1, 2, 2, 2, 1, 2, 0, 1, 0, 1, 0, 0, 0, 2, 1, 1, 0, 0, 0, 0, 2, 2, 1, 0, 2, 0, 1, 2, 2, 0, 1, 2, 2, 0, 0, 0]
2023-10-03 21:47:23,676 - DEBUG: [0, 2, 1, 1, 1, 1, 1, 1, 1, 1, 1, 1, 1, 1, 1, 1, 1, 1, 1, 1, 2, 1, 1, 1, 2, 1, 2, 1, 1, 2, 2, 2, 2, 0, 2, 2, 2, 2, 2, 2, 2, 2, 2, 2, 2, 2, 2, 2, 2, 2, 2, 2, 1, 2, 2, 2, 2, 2, 2, 2]
2023-10-03 21:47:25,032 - DEBUG: [0, 2, 1, 2, 1, 1, 1, 1, 1, 2, 2, 1, 2, 1, 1, 1, 1, 1, 1, 2, 1, 2, 2, 1, 2, 1, 1, 1, 2, 2, 1, 2, 2, 2, 2, 2, 1, 2, 0, 2, 2, 0, 2, 2, 2, 2, 2, 2, 1, 2, 2, 2, 2, 0, 0, 2, 2, 2, 0, 2]
2023-10-03 21:47:26,577 - DEBUG: [0, 2, 1, 2, 1, 1, 1, 1, 1, 1, 1, 1, 2, 1, 1, 1, 1, 1, 1, 2, 2, 1, 1, 1, 1, 2, 0, 2, 1, 2, 1, 2, 1, 0, 1, 0, 2, 2, 2, 2, 2, 2, 0, 2, 2, 1, 2, 2, 2, 2, 2, 2, 0, 2, 1, 2, 2, 2, 0, 2]
2023-10-03 21:47:33,854 - DEBUG: [0, 0, 2, 0, 0, 1, 1, 1, 1, 1, 1, 1, 1, 1, 1, 1, 1, 1, 1, 2, 1, 0, 1, 1, 1, 1, 2, 2, 2, 2, 1, 2, 2, 2, 2, 2, 2, 1, 2, 2, 2, 2, 2, 2, 1, 2, 2, 2, 2, 1, 2, 2, 2, 1, 2, 0, 2, 0, 2, 2]
2023-10-03 21:48:02,349 - DEBUG: [0, 0, 0, 0, 2, 0, 0, 1, 1, 1, 1, 1, 1, 1, 1, 1, 1, 1, 1, 2, 0, 1, 1, 1, 0, 0, 0, 0, 0, 1, 1, 0, 1, 0, 1, 0, 0, 1, 0, 0, 0, 0, 0, 0, 1, 0, 0, 0, 0, 0, 0, 0, 0, 0, 0, 1, 0, 0, 0, 0]
2023-10-03 21:48:03,821 - DEBUG: [0, 2, 2, 0, 0, 0, 1, 0, 1, 0, 1, 1, 1, 1, 1, 1, 1, 1, 1, 1, 0, 2, 2, 2, 2, 2, 2, 2, 2, 2, 2, 1, 2, 2, 2, 2, 2, 2, 2, 2, 2, 2, 2, 2, 2, 2, 2, 2, 1, 2, 2, 2, 2, 2, 2, 1, 2, 2, 2, 2]
2023-10-03 21:48:05,226 - DEBUG: [0, 2, 2, 2, 1, 1, 0, 1, 1, 1, 1, 1, 1, 1, 1, 1, 2, 1, 1, 2, 1, 1, 1, 1, 1, 1, 1, 1, 1, 0, 0, 2, 0, 1, 0, 1, 0, 0, 0, 0, 1, 1, 0, 0, 0, 0, 0, 0, 0, 0, 0, 0, 0, 0, 2, 0, 0, 0, 1, 0]
2023-10-03 21:48:06,697 - DEBUG: [0, 1, 1, 2, 1, 1, 1, 1, 1, 1, 1, 1, 1, 1, 1, 1, 1, 1, 1, 2, 1, 1, 1, 1, 1, 1, 1, 2, 0, 0, 1, 0, 1, 1, 0, 1, 1, 1, 0, 0, 0, 1, 2, 1, 0, 1, 2, 0, 0, 2, 1, 0, 0, 1, 0, 0, 0, 2, 2, 2]
2023-10-03 21:48:08,197 - DEBUG: [0, 2, 2, 2, 2, 2, 2, 2, 2, 1, 2, 1, 1, 2, 1, 1, 1, 1, 2, 2, 2, 2, 1, 2, 2, 0, 2, 2, 2, 2, 2, 2, 2, 2, 2, 1, 2, 2, 2, 2, 2, 2, 1, 2, 1, 2, 2, 2, 2, 2, 2, 2, 0, 2, 1, 2, 2, 2, 2, 2]
2023-10-03 21:48:09,700 - DEBUG: [0, 1, 2, 0, 1, 2, 1, 1, 2, 1, 1, 2, 2, 2, 1, 1, 2, 2, 2, 2, 1, 1, 1, 2, 2, 2, 1, 2, 2, 1, 1, 2, 2, 2, 2, 2, 2, 0, 2, 2, 1, 2, 2, 2, 1, 2, 1, 1, 2, 2, 2, 2, 2, 2, 2, 2, 2, 2, 2, 2]
2023-10-03 21:48:11,149 - DEBUG: [0, 1, 1, 2, 1, 1, 1, 1, 1, 1, 1, 1, 1, 1, 1, 1, 1, 2, 1, 1, 1, 2, 1, 1, 2, 2, 2, 2, 2, 1, 2, 1, 1, 1, 2, 0, 1, 1, 1, 1, 1, 1, 0, 2, 0, 0, 0, 2, 0, 0, 0, 2, 1, 2, 2, 2, 1, 0, 2, 2]
2023-10-03 21:48:12,618 - DEBUG: [0, 2, 2, 1, 1, 1, 1, 1, 1, 1, 1, 1, 1, 1, 1, 2, 1, 1, 1, 2, 1, 2, 1, 2, 1, 2, 1, 2, 1, 1, 2, 2, 1, 2, 2, 2, 2, 2, 2, 2, 2, 2, 2, 2, 2, 2, 2, 1, 2, 2, 1, 2, 2, 2, 2, 2, 2, 2, 2, 2]
2023-10-03 21:48:14,305 - DEBUG: [0, 1, 1, 1, 2, 1, 1, 1, 1, 1, 1, 1, 1, 1, 1, 1, 1, 2, 1, 1, 1, 2, 1, 1, 1, 2, 1, 2, 2, 0, 1, 1, 2, 2, 1, 2, 2, 2, 1, 2, 2, 1, 2, 2, 2, 2, 2, 2, 2, 2, 2, 0, 2, 2, 2, 1, 2, 2, 0, 2]
2023-10-03 21:48:15,889 - DEBUG: [0, 0, 0, 2, 0, 1, 0, 1, 1, 1, 1, 1, 1, 1, 1, 1, 1, 1, 1, 1, 1, 2, 1, 2, 2, 1, 1, 1, 2, 0, 2, 2, 0, 0, 2, 0, 1, 2, 2, 2, 2, 0, 2, 2, 2, 2, 2, 2, 2, 2, 0, 1, 0, 0, 2, 2, 0, 2, 2, 2]
2023-10-03 21:48:17,354 - DEBUG: [0, 1, 2, 1, 1, 1, 1, 1, 1, 1, 1, 1, 1, 1, 1, 1, 1, 1, 1, 1, 1, 1, 1, 1, 1, 1, 1, 1, 2, 1, 2, 0, 2, 2, 2, 0, 2, 2, 1, 0, 0, 2, 2, 2, 1, 0, 0, 0, 2, 1, 1, 0, 0, 0, 2, 0, 1, 0, 0, 0]
2023-10-03 21:48:18,890 - DEBUG: [0, 2, 1, 2, 1, 1, 2, 1, 2, 1, 1, 1, 1, 1, 1, 1, 1, 1, 1, 1, 1, 1, 2, 2, 2, 1, 2, 2, 1, 1, 0, 2, 2, 0, 2, 1, 2, 2, 2, 2, 2, 2, 2, 1, 2, 2, 2, 1, 2, 2, 1, 1, 2, 2, 2, 2, 2, 2, 2, 2]
2023-10-03 21:48:20,362 - DEBUG: [0, 1, 2, 1, 1, 1, 1, 1, 1, 1, 1, 1, 1, 1, 1, 1, 1, 1, 1, 1, 1, 1, 1, 1, 1, 1, 1, 1, 1, 2, 0, 1, 2, 2, 0, 2, 0, 1, 2, 2, 0, 2, 1, 0, 2, 2, 0, 2, 2, 2, 1, 2, 2, 2, 2, 2, 2, 2, 2, 2]
2023-10-03 21:48:21,916 - DEBUG: [0, 1, 1, 1, 1, 1, 1, 1, 1, 1, 1, 2, 1, 1, 1, 1, 2, 1, 1, 1, 2, 1, 1, 2, 2, 1, 1, 1, 2, 2, 0, 2, 2, 1, 1, 2, 1, 1, 1, 1, 2, 1, 1, 0, 0, 2, 2, 1, 0, 2, 0, 2, 2, 2, 2, 2, 0, 1, 0, 2]
2023-10-03 21:48:23,395 - DEBUG: [0, 1, 1, 1, 1, 1, 1, 1, 1, 1, 1, 1, 1, 1, 1, 1, 2, 1, 1, 1, 1, 1, 1, 1, 1, 2, 1, 0, 1, 1, 1, 2, 1, 0, 0, 2, 2, 1, 0, 0, 2, 0, 2, 0, 2, 2, 2, 0, 0, 2, 0, 0, 0, 1, 2, 2, 0, 2, 0, 2]
2023-10-03 21:48:24,867 - DEBUG: [0, 1, 2, 2, 1, 0, 1, 1, 1, 1, 1, 1, 1, 1, 1, 1, 1, 1, 1, 1, 1, 1, 0, 1, 1, 1, 1, 2, 0, 2, 2, 2, 2, 2, 1, 2, 1, 1, 2, 2, 2, 2, 2, 2, 2, 0, 2, 2, 2, 2, 2, 2, 0, 1, 2, 2, 2, 1, 2, 2]
2023-10-03 21:48:26,323 - DEBUG: [0, 2, 0, 0, 1, 1, 1, 1, 1, 1, 1, 1, 1, 1, 1, 1, 1, 1, 1, 1, 1, 1, 1, 2, 1, 1, 1, 0, 1, 1, 1, 0, 1, 0, 1, 1, 0, 0, 0, 0, 1, 0, 1, 0, 0, 0, 0, 0, 0, 0, 0, 0, 0, 0, 0, 1, 0, 2, 0, 0]
2023-10-03 21:48:27,749 - DEBUG: [0, 2, 2, 1, 2, 1, 2, 1, 1, 1, 1, 1, 1, 1, 1, 1, 2, 2, 1, 1, 1, 2, 2, 2, 1, 2, 2, 2, 2, 1, 2, 2, 2, 1, 2, 2, 2, 1, 1, 2, 2, 1, 2, 2, 1, 2, 2, 2, 2, 2, 2, 2, 2, 2, 2, 2, 2, 2, 2, 2]
2023-10-03 21:48:29,196 - DEBUG: [0, 1, 1, 1, 1, 1, 1, 1, 1, 1, 1, 1, 2, 1, 1, 1, 1, 1, 1, 2, 1, 1, 1, 1, 1, 1, 2, 1, 1, 2, 2, 0, 1, 2, 2, 2, 2, 2, 2, 2, 2, 2, 2, 2, 2, 2, 2, 2, 2, 2, 2, 2, 2, 2, 1, 2, 2, 0, 2, 2]
2023-10-03 21:48:30,617 - DEBUG: [0, 2, 2, 2, 0, 1, 2, 1, 1, 1, 1, 1, 1, 1, 1, 1, 1, 1, 1, 1, 1, 1, 2, 1, 1, 0, 1, 1, 0, 2, 1, 2, 1, 1, 0, 2, 0, 2, 2, 0, 2, 2, 2, 2, 2, 2, 2, 2, 2, 2, 2, 0, 2, 2, 2, 2, 0, 0, 2, 2]
